G:\CODE\网络协议与编程\期末大作业\MAIL\MAIL\DEBUG\MAIL.PCH
G:\CODE\网络协议与编程\期末大作业\MAIL\MAIL\DEBUG\STDAFX.OBJ
G:\CODE\网络协议与编程\期末大作业\MAIL\MAIL\DEBUG\VC110.PDB
G:\CODE\网络协议与编程\期末大作业\MAIL\MAIL\DEBUG\BASE64.OBJ
G:\CODE\网络协议与编程\期末大作业\MAIL\MAIL\DEBUG\MAIL.OBJ
G:\CODE\网络协议与编程\期末大作业\MAIL\MAIL\DEBUG\MAILDLG.OBJ
G:\CODE\网络协议与编程\期末大作业\MAIL\MAIL\DEBUG\POP3SOCK.OBJ
G:\CODE\网络协议与编程\期末大作业\MAIL\MAIL\DEBUG\RECEIVEDLG.OBJ
G:\CODE\网络协议与编程\期末大作业\MAIL\MAIL\DEBUG\SENDDLG.OBJ
G:\CODE\网络协议与编程\期末大作业\MAIL\MAIL\DEBUG\SMTPSOCK.OBJ
G:\CODE\网络协议与编程\期末大作业\MAIL\DEBUG\MAIL.ILK
G:\CODE\网络协议与编程\期末大作业\MAIL\DEBUG\MAIL.EXE
G:\CODE\网络协议与编程\期末大作业\MAIL\DEBUG\MAIL.PDB
G:\CODE\网络协议与编程\期末大作业\MAIL\MAIL\DEBUG\MAIL.RES
G:\Code\网络协议与编程\期末大作业\Mail\Mail\Debug\Base64.obj
G:\Code\网络协议与编程\期末大作业\Mail\Mail\Debug\Mail.obj
G:\Code\网络协议与编程\期末大作业\Mail\Mail\Debug\MailDlg.obj
G:\Code\网络协议与编程\期末大作业\Mail\Mail\Debug\pop3Sock.obj
G:\Code\网络协议与编程\期末大作业\Mail\Mail\Debug\ReceiveDlg.obj
G:\Code\网络协议与编程\期末大作业\Mail\Mail\Debug\SendDlg.obj
G:\Code\网络协议与编程\期末大作业\Mail\Mail\Debug\smtpSock.obj
G:\Code\网络协议与编程\期末大作业\Mail\Mail\Debug\stdafx.obj
G:\Code\网络协议与编程\期末大作业\Mail\Mail\Debug\cl.command.1.tlog
G:\Code\网络协议与编程\期末大作业\Mail\Mail\Debug\CL.read.1.tlog
G:\Code\网络协议与编程\期末大作业\Mail\Mail\Debug\CL.write.1.tlog
G:\Code\网络协议与编程\期末大作业\Mail\Mail\Debug\link-cvtres.read.1.tlog
G:\Code\网络协议与编程\期末大作业\Mail\Mail\Debug\link-cvtres.write.1.tlog
G:\Code\网络协议与编程\期末大作业\Mail\Mail\Debug\link-mt.read.1.tlog
G:\Code\网络协议与编程\期末大作业\Mail\Mail\Debug\link-mt.write.1.tlog
G:\Code\网络协议与编程\期末大作业\Mail\Mail\Debug\link-rc.read.1.tlog
G:\Code\网络协议与编程\期末大作业\Mail\Mail\Debug\link-rc.write.1.tlog
G:\Code\网络协议与编程\期末大作业\Mail\Mail\Debug\link.10776-cvtres.read.1.tlog
G:\Code\网络协议与编程\期末大作业\Mail\Mail\Debug\link.10776-cvtres.write.1.tlog
G:\Code\网络协议与编程\期末大作业\Mail\Mail\Debug\link.10776-mt.read.1.tlog
G:\Code\网络协议与编程\期末大作业\Mail\Mail\Debug\link.10776-mt.write.1.tlog
G:\Code\网络协议与编程\期末大作业\Mail\Mail\Debug\link.10776-rc.read.1.tlog
G:\Code\网络协议与编程\期末大作业\Mail\Mail\Debug\link.10776-rc.write.1.tlog
G:\Code\网络协议与编程\期末大作业\Mail\Mail\Debug\link.10776.read.1.tlog
G:\Code\网络协议与编程\期末大作业\Mail\Mail\Debug\link.10776.write.1.tlog
G:\Code\网络协议与编程\期末大作业\Mail\Mail\Debug\link.10860-cvtres.read.1.tlog
G:\Code\网络协议与编程\期末大作业\Mail\Mail\Debug\link.10860-cvtres.write.1.tlog
G:\Code\网络协议与编程\期末大作业\Mail\Mail\Debug\link.10860-mt.read.1.tlog
G:\Code\网络协议与编程\期末大作业\Mail\Mail\Debug\link.10860-mt.write.1.tlog
G:\Code\网络协议与编程\期末大作业\Mail\Mail\Debug\link.10860-rc.read.1.tlog
G:\Code\网络协议与编程\期末大作业\Mail\Mail\Debug\link.10860-rc.write.1.tlog
G:\Code\网络协议与编程\期末大作业\Mail\Mail\Debug\link.10860.read.1.tlog
G:\Code\网络协议与编程\期末大作业\Mail\Mail\Debug\link.10860.write.1.tlog
G:\Code\网络协议与编程\期末大作业\Mail\Mail\Debug\link.12016-cvtres.read.1.tlog
G:\Code\网络协议与编程\期末大作业\Mail\Mail\Debug\link.12016-cvtres.write.1.tlog
G:\Code\网络协议与编程\期末大作业\Mail\Mail\Debug\link.12016-mt.read.1.tlog
G:\Code\网络协议与编程\期末大作业\Mail\Mail\Debug\link.12016-mt.write.1.tlog
G:\Code\网络协议与编程\期末大作业\Mail\Mail\Debug\link.12016-rc.read.1.tlog
G:\Code\网络协议与编程\期末大作业\Mail\Mail\Debug\link.12016-rc.write.1.tlog
G:\Code\网络协议与编程\期末大作业\Mail\Mail\Debug\link.12016.read.1.tlog
G:\Code\网络协议与编程\期末大作业\Mail\Mail\Debug\link.12016.write.1.tlog
G:\Code\网络协议与编程\期末大作业\Mail\Mail\Debug\link.12364-cvtres.read.1.tlog
G:\Code\网络协议与编程\期末大作业\Mail\Mail\Debug\link.12364-cvtres.write.1.tlog
G:\Code\网络协议与编程\期末大作业\Mail\Mail\Debug\link.12364-mt.read.1.tlog
G:\Code\网络协议与编程\期末大作业\Mail\Mail\Debug\link.12364-mt.write.1.tlog
G:\Code\网络协议与编程\期末大作业\Mail\Mail\Debug\link.12364-rc.read.1.tlog
G:\Code\网络协议与编程\期末大作业\Mail\Mail\Debug\link.12364-rc.write.1.tlog
G:\Code\网络协议与编程\期末大作业\Mail\Mail\Debug\link.12364.read.1.tlog
G:\Code\网络协议与编程\期末大作业\Mail\Mail\Debug\link.12364.write.1.tlog
G:\Code\网络协议与编程\期末大作业\Mail\Mail\Debug\link.12408-cvtres.read.1.tlog
G:\Code\网络协议与编程\期末大作业\Mail\Mail\Debug\link.12408-cvtres.write.1.tlog
G:\Code\网络协议与编程\期末大作业\Mail\Mail\Debug\link.12408-mt.read.1.tlog
G:\Code\网络协议与编程\期末大作业\Mail\Mail\Debug\link.12408-mt.write.1.tlog
G:\Code\网络协议与编程\期末大作业\Mail\Mail\Debug\link.12408-rc.read.1.tlog
G:\Code\网络协议与编程\期末大作业\Mail\Mail\Debug\link.12408-rc.write.1.tlog
G:\Code\网络协议与编程\期末大作业\Mail\Mail\Debug\link.12408.read.1.tlog
G:\Code\网络协议与编程\期末大作业\Mail\Mail\Debug\link.12408.write.1.tlog
G:\Code\网络协议与编程\期末大作业\Mail\Mail\Debug\link.12748-cvtres.read.1.tlog
G:\Code\网络协议与编程\期末大作业\Mail\Mail\Debug\link.12748-cvtres.write.1.tlog
G:\Code\网络协议与编程\期末大作业\Mail\Mail\Debug\link.12748-mt.read.1.tlog
G:\Code\网络协议与编程\期末大作业\Mail\Mail\Debug\link.12748-mt.write.1.tlog
G:\Code\网络协议与编程\期末大作业\Mail\Mail\Debug\link.12748-rc.read.1.tlog
G:\Code\网络协议与编程\期末大作业\Mail\Mail\Debug\link.12748-rc.write.1.tlog
G:\Code\网络协议与编程\期末大作业\Mail\Mail\Debug\link.12748.read.1.tlog
G:\Code\网络协议与编程\期末大作业\Mail\Mail\Debug\link.12748.write.1.tlog
G:\Code\网络协议与编程\期末大作业\Mail\Mail\Debug\link.15292-cvtres.read.1.tlog
G:\Code\网络协议与编程\期末大作业\Mail\Mail\Debug\link.15292-cvtres.write.1.tlog
G:\Code\网络协议与编程\期末大作业\Mail\Mail\Debug\link.15292-mt.read.1.tlog
G:\Code\网络协议与编程\期末大作业\Mail\Mail\Debug\link.15292-mt.write.1.tlog
G:\Code\网络协议与编程\期末大作业\Mail\Mail\Debug\link.15292-rc.read.1.tlog
G:\Code\网络协议与编程\期末大作业\Mail\Mail\Debug\link.15292-rc.write.1.tlog
G:\Code\网络协议与编程\期末大作业\Mail\Mail\Debug\link.15292.read.1.tlog
G:\Code\网络协议与编程\期末大作业\Mail\Mail\Debug\link.15292.write.1.tlog
G:\Code\网络协议与编程\期末大作业\Mail\Mail\Debug\link.16428-cvtres.read.1.tlog
G:\Code\网络协议与编程\期末大作业\Mail\Mail\Debug\link.16428-cvtres.write.1.tlog
G:\Code\网络协议与编程\期末大作业\Mail\Mail\Debug\link.16428-mt.read.1.tlog
G:\Code\网络协议与编程\期末大作业\Mail\Mail\Debug\link.16428-mt.write.1.tlog
G:\Code\网络协议与编程\期末大作业\Mail\Mail\Debug\link.16428-rc.read.1.tlog
G:\Code\网络协议与编程\期末大作业\Mail\Mail\Debug\link.16428-rc.write.1.tlog
G:\Code\网络协议与编程\期末大作业\Mail\Mail\Debug\link.16428.read.1.tlog
G:\Code\网络协议与编程\期末大作业\Mail\Mail\Debug\link.16428.write.1.tlog
G:\Code\网络协议与编程\期末大作业\Mail\Mail\Debug\link.18632-cvtres.read.1.tlog
G:\Code\网络协议与编程\期末大作业\Mail\Mail\Debug\link.18632-cvtres.write.1.tlog
G:\Code\网络协议与编程\期末大作业\Mail\Mail\Debug\link.18632-mt.read.1.tlog
G:\Code\网络协议与编程\期末大作业\Mail\Mail\Debug\link.18632-mt.write.1.tlog
G:\Code\网络协议与编程\期末大作业\Mail\Mail\Debug\link.18632-rc.read.1.tlog
G:\Code\网络协议与编程\期末大作业\Mail\Mail\Debug\link.18632-rc.write.1.tlog
G:\Code\网络协议与编程\期末大作业\Mail\Mail\Debug\link.18632.read.1.tlog
G:\Code\网络协议与编程\期末大作业\Mail\Mail\Debug\link.18632.write.1.tlog
G:\Code\网络协议与编程\期末大作业\Mail\Mail\Debug\link.19192-cvtres.read.1.tlog
G:\Code\网络协议与编程\期末大作业\Mail\Mail\Debug\link.19192-cvtres.write.1.tlog
G:\Code\网络协议与编程\期末大作业\Mail\Mail\Debug\link.19192-mt.read.1.tlog
G:\Code\网络协议与编程\期末大作业\Mail\Mail\Debug\link.19192-mt.write.1.tlog
G:\Code\网络协议与编程\期末大作业\Mail\Mail\Debug\link.19192-rc.read.1.tlog
G:\Code\网络协议与编程\期末大作业\Mail\Mail\Debug\link.19192-rc.write.1.tlog
G:\Code\网络协议与编程\期末大作业\Mail\Mail\Debug\link.19192.read.1.tlog
G:\Code\网络协议与编程\期末大作业\Mail\Mail\Debug\link.19192.write.1.tlog
G:\Code\网络协议与编程\期末大作业\Mail\Mail\Debug\link.5476-cvtres.read.1.tlog
G:\Code\网络协议与编程\期末大作业\Mail\Mail\Debug\link.5476-cvtres.write.1.tlog
G:\Code\网络协议与编程\期末大作业\Mail\Mail\Debug\link.5476-mt.read.1.tlog
G:\Code\网络协议与编程\期末大作业\Mail\Mail\Debug\link.5476-mt.write.1.tlog
G:\Code\网络协议与编程\期末大作业\Mail\Mail\Debug\link.5476-rc.read.1.tlog
G:\Code\网络协议与编程\期末大作业\Mail\Mail\Debug\link.5476-rc.write.1.tlog
G:\Code\网络协议与编程\期末大作业\Mail\Mail\Debug\link.5476.read.1.tlog
G:\Code\网络协议与编程\期末大作业\Mail\Mail\Debug\link.5476.write.1.tlog
G:\Code\网络协议与编程\期末大作业\Mail\Mail\Debug\link.6460-cvtres.read.1.tlog
G:\Code\网络协议与编程\期末大作业\Mail\Mail\Debug\link.6460-cvtres.write.1.tlog
G:\Code\网络协议与编程\期末大作业\Mail\Mail\Debug\link.6460-mt.read.1.tlog
G:\Code\网络协议与编程\期末大作业\Mail\Mail\Debug\link.6460-mt.write.1.tlog
G:\Code\网络协议与编程\期末大作业\Mail\Mail\Debug\link.6460-rc.read.1.tlog
G:\Code\网络协议与编程\期末大作业\Mail\Mail\Debug\link.6460-rc.write.1.tlog
G:\Code\网络协议与编程\期末大作业\Mail\Mail\Debug\link.6460.read.1.tlog
G:\Code\网络协议与编程\期末大作业\Mail\Mail\Debug\link.6460.write.1.tlog
G:\Code\网络协议与编程\期末大作业\Mail\Mail\Debug\link.6776-cvtres.read.1.tlog
G:\Code\网络协议与编程\期末大作业\Mail\Mail\Debug\link.6776-cvtres.write.1.tlog
G:\Code\网络协议与编程\期末大作业\Mail\Mail\Debug\link.6776-mt.read.1.tlog
G:\Code\网络协议与编程\期末大作业\Mail\Mail\Debug\link.6776-mt.write.1.tlog
G:\Code\网络协议与编程\期末大作业\Mail\Mail\Debug\link.6776-rc.read.1.tlog
G:\Code\网络协议与编程\期末大作业\Mail\Mail\Debug\link.6776-rc.write.1.tlog
G:\Code\网络协议与编程\期末大作业\Mail\Mail\Debug\link.6776.read.1.tlog
G:\Code\网络协议与编程\期末大作业\Mail\Mail\Debug\link.6776.write.1.tlog
G:\Code\网络协议与编程\期末大作业\Mail\Mail\Debug\link.command.1.tlog
G:\Code\网络协议与编程\期末大作业\Mail\Mail\Debug\link.read.1.tlog
G:\Code\网络协议与编程\期末大作业\Mail\Mail\Debug\link.write.1.tlog
G:\Code\网络协议与编程\期末大作业\Mail\Mail\Debug\rc.command.1.tlog
G:\Code\网络协议与编程\期末大作业\Mail\Mail\Debug\rc.read.1.tlog
G:\Code\网络协议与编程\期末大作业\Mail\Mail\Debug\rc.write.1.tlog
G:\Code\网络协议与编程\期末大作业\Mail\Mail\Debug\Mail.res
G:\Code\网络协议与编程\期末大作业\Mail\Mail\Debug\Mail.pch
G:\Code\网络协议与编程\期末大作业\Mail\Mail\Debug\vc110.idb
G:\Code\网络协议与编程\期末大作业\Mail\Mail\Debug\vc110.pdb
G:\Code\网络协议与编程\期末大作业\Mail\Debug\Mail.pdb
G:\Code\网络协议与编程\期末大作业\Mail\Debug\Mail.exe
G:\Code\网络协议与编程\期末大作业\Mail\Debug\Mail.ilk
